# JRE version: OpenJDK Runtime Environment (8.0_292-b10) (build 1.8.0_292-b10)
# Java VM: OpenJDK 64-Bit Server VM (25.292-b10 mixed mode linux-amd64 compressed oops)
Heap:
 PSYoungGen      total 228864K, used 74440K [0x00000000f0000000, 0x0000000100000000, 0x0000000100000000)
  eden space 195072K, 32% used [0x00000000f0000000,0x00000000f3e1f938,0x00000000fbe80000)
  from space 33792K, 32% used [0x00000000fdf00000,0x00000000fe992750,0x0000000100000000)
  to   space 33280K, 0% used [0x00000000fbe80000,0x00000000fbe80000,0x00000000fdf00000)
 ParOldGen       total 524288K, used 138098K [0x00000000d0000000, 0x00000000f0000000, 0x00000000f0000000)
  object space 524288K, 26% used [0x00000000d0000000,0x00000000d86dc890,0x00000000f0000000)
 Metaspace       used 94290K, capacity 98932K, committed 101080K, reserved 1136640K
  class space    used 11523K, capacity 12761K, committed 13312K, reserved 1048576K
GC Heap History (10 events):
Event: 1905.330 GC heap before
{Heap before GC invocations=62 (full 3):
 PSYoungGen      total 226304K, used 203446K [0x00000000f0000000, 0x0000000100000000, 0x0000000100000000)
  eden space 189440K, 99% used [0x00000000f0000000,0x00000000fb8f3c08,0x00000000fb900000)
  from space 36864K, 38% used [0x00000000fdc00000,0x00000000fe9b9c90,0x0000000100000000)
  to   space 35840K, 0% used [0x00000000fb900000,0x00000000fb900000,0x00000000fdc00000)
 ParOldGen       total 524288K, used 152796K [0x00000000d0000000, 0x00000000f0000000, 0x00000000f0000000)
  object space 524288K, 29% used [0x00000000d0000000,0x00000000d95372c8,0x00000000f0000000)
 Metaspace       used 87301K, capacity 93286K, committed 93400K, reserved 1130496K
  class space    used 11497K, capacity 13028K, committed 13056K, reserved 1048576K
Event: 1905.342 GC heap after
Heap after GC invocations=62 (full 3):
 PSYoungGen      total 225280K, used 13074K [0x00000000f0000000, 0x0000000100000000, 0x0000000100000000)
  eden space 189440K, 0% used [0x00000000f0000000,0x00000000f0000000,0x00000000fb900000)
  from space 35840K, 36% used [0x00000000fb900000,0x00000000fc5c4b90,0x00000000fdc00000)
  to   space 35328K, 0% used [0x00000000fdd80000,0x00000000fdd80000,0x0000000100000000)
 ParOldGen       total 524288K, used 153148K [0x00000000d0000000, 0x00000000f0000000, 0x00000000f0000000)
  object space 524288K, 29% used [0x00000000d0000000,0x00000000d958f2c8,0x00000000f0000000)
 Metaspace       used 87301K, capacity 93286K, committed 93400K, reserved 1130496K
  class space    used 11497K, capacity 13028K, committed 13056K, reserved 1048576K
}
Event: 2036.146 GC heap before
{Heap before GC invocations=63 (full 3):
 PSYoungGen      total 225280K, used 202514K [0x00000000f0000000, 0x0000000100000000, 0x0000000100000000)
  eden space 189440K, 100% used [0x00000000f0000000,0x00000000fb900000,0x00000000fb900000)
  from space 35840K, 36% used [0x00000000fb900000,0x00000000fc5c4b90,0x00000000fdc00000)
  to   space 35328K, 0% used [0x00000000fdd80000,0x00000000fdd80000,0x0000000100000000)
 ParOldGen       total 524288K, used 153148K [0x00000000d0000000, 0x00000000f0000000, 0x00000000f0000000)
  object space 524288K, 29% used [0x00000000d0000000,0x00000000d958f2c8,0x00000000f0000000)
 Metaspace       used 89433K, capacity 95432K, committed 95576K, reserved 1132544K
  class space    used 11591K, capacity 13135K, committed 13184K, reserved 1048576K
Event: 2036.161 GC heap after
Heap after GC invocations=63 (full 3):
 PSYoungGen      total 227328K, used 22082K [0x00000000f0000000, 0x0000000100000000, 0x0000000100000000)
  eden space 192000K, 0% used [0x00000000f0000000,0x00000000f0000000,0x00000000fbb80000)
  from space 35328K, 62% used [0x00000000fdd80000,0x00000000ff310bb8,0x0000000100000000)
  to   space 34816K, 0% used [0x00000000fbb80000,0x00000000fbb80000,0x00000000fdd80000)
 ParOldGen       total 524288K, used 153601K [0x00000000d0000000, 0x00000000f0000000, 0x00000000f0000000)
  object space 524288K, 29% used [0x00000000d0000000,0x00000000d9600738,0x00000000f0000000)
 Metaspace       used 89433K, capacity 95432K, committed 95576K, reserved 1132544K
  class space    used 11591K, capacity 13135K, committed 13184K, reserved 1048576K
}
Event: 2036.341 GC heap before
{Heap before GC invocations=64 (full 3):
 PSYoungGen      total 227328K, used 94053K [0x00000000f0000000, 0x0000000100000000, 0x0000000100000000)
  eden space 192000K, 37% used [0x00000000f0000000,0x00000000f4648938,0x00000000fbb80000)
  from space 35328K, 62% used [0x00000000fdd80000,0x00000000ff310bb8,0x0000000100000000)
  to   space 34816K, 0% used [0x00000000fbb80000,0x00000000fbb80000,0x00000000fdd80000)
 ParOldGen       total 524288K, used 153601K [0x00000000d0000000, 0x00000000f0000000, 0x00000000f0000000)
  object space 524288K, 29% used [0x00000000d0000000,0x00000000d9600738,0x00000000f0000000)
 Metaspace       used 92169K, capacity 98202K, committed 98380K, reserved 1134592K
  class space    used 11709K, capacity 13265K, committed 13312K, reserved 1048576K
Event: 2036.360 GC heap after
Heap after GC invocations=64 (full 3):
 PSYoungGen      total 226816K, used 17126K [0x00000000f0000000, 0x0000000100000000, 0x0000000100000000)
  eden space 192000K, 0% used [0x00000000f0000000,0x00000000f0000000,0x00000000fbb80000)
  from space 34816K, 49% used [0x00000000fbb80000,0x00000000fcc39878,0x00000000fdd80000)
  to   space 33792K, 0% used [0x00000000fdf00000,0x00000000fdf00000,0x0000000100000000)
 ParOldGen       total 524288K, used 161718K [0x00000000d0000000, 0x00000000f0000000, 0x00000000f0000000)
  object space 524288K, 30% used [0x00000000d0000000,0x00000000d9ded9e8,0x00000000f0000000)
 Metaspace       used 92169K, capacity 98202K, committed 98380K, reserved 1134592K
  class space    used 11709K, capacity 13265K, committed 13312K, reserved 1048576K
}
Event: 2036.360 GC heap before
{Heap before GC invocations=65 (full 4):
 PSYoungGen      total 226816K, used 17126K [0x00000000f0000000, 0x0000000100000000, 0x0000000100000000)
  eden space 192000K, 0% used [0x00000000f0000000,0x00000000f0000000,0x00000000fbb80000)
  from space 34816K, 49% used [0x00000000fbb80000,0x00000000fcc39878,0x00000000fdd80000)
  to   space 33792K, 0% used [0x00000000fdf00000,0x00000000fdf00000,0x0000000100000000)
 ParOldGen       total 524288K, used 161718K [0x00000000d0000000, 0x00000000f0000000, 0x00000000f0000000)
  object space 524288K, 30% used [0x00000000d0000000,0x00000000d9ded9e8,0x00000000f0000000)
 Metaspace       used 92169K, capacity 98202K, committed 98380K, reserved 1134592K
  class space    used 11709K, capacity 13265K, committed 13312K, reserved 1048576K
Event: 2036.798 GC heap after
Heap after GC invocations=65 (full 4):
 PSYoungGen      total 226816K, used 0K [0x00000000f0000000, 0x0000000100000000, 0x0000000100000000)
  eden space 192000K, 0% used [0x00000000f0000000,0x00000000f0000000,0x00000000fbb80000)
  from space 34816K, 0% used [0x00000000fbb80000,0x00000000fbb80000,0x00000000fdd80000)
  to   space 33792K, 0% used [0x00000000fdf00000,0x00000000fdf00000,0x0000000100000000)
 ParOldGen       total 524288K, used 138090K [0x00000000d0000000, 0x00000000f0000000, 0x00000000f0000000)
  object space 524288K, 26% used [0x00000000d0000000,0x00000000d86da890,0x00000000f0000000)
 Metaspace       used 90710K, capacity 95226K, committed 98380K, reserved 1134592K
  class space    used 11309K, capacity 12528K, committed 13312K, reserved 1048576K
}
Event: 2077.713 GC heap before
{Heap before GC invocations=66 (full 4):
 PSYoungGen      total 226816K, used 192000K [0x00000000f0000000, 0x0000000100000000, 0x0000000100000000)
  eden space 192000K, 100% used [0x00000000f0000000,0x00000000fbb80000,0x00000000fbb80000)
  from space 34816K, 0% used [0x00000000fbb80000,0x00000000fbb80000,0x00000000fdd80000)
  to   space 33792K, 0% used [0x00000000fdf00000,0x00000000fdf00000,0x0000000100000000)
 ParOldGen       total 524288K, used 138090K [0x00000000d0000000, 0x00000000f0000000, 0x00000000f0000000)
  object space 524288K, 26% used [0x00000000d0000000,0x00000000d86da890,0x00000000f0000000)
 Metaspace       used 94247K, capacity 98866K, committed 101080K, reserved 1136640K
  class space    used 11516K, capacity 12749K, committed 13312K, reserved 1048576K
Event: 2077.724 GC heap after
Heap after GC invocations=66 (full 4):
 PSYoungGen      total 228864K, used 10825K [0x00000000f0000000, 0x0000000100000000, 0x0000000100000000)
  eden space 195072K, 0% used [0x00000000f0000000,0x00000000f0000000,0x00000000fbe80000)
  from space 33792K, 32% used [0x00000000fdf00000,0x00000000fe992750,0x0000000100000000)
  to   space 33280K, 0% used [0x00000000fbe80000,0x00000000fbe80000,0x00000000fdf00000)
 ParOldGen       total 524288K, used 138098K [0x00000000d0000000, 0x00000000f0000000, 0x00000000f0000000)
  object space 524288K, 26% used [0x00000000d0000000,0x00000000d86dc890,0x00000000f0000000)
 Metaspace       used 94247K, capacity 98866K, committed 101080K, reserved 1136640K
  class space    used 11516K, capacity 12749K, committed 13312K, reserved 1048576K
}

